INFO 2025-04-24 16:30:15,000 autoreload 26860 23256 Watching for file changes with StatReloader
INFO 2025-04-24 16:30:57,506 autoreload 26860 23256 C:\Users\hp\Desktop\Automated-Tutoring-System\tutoring_system\settings.py changed, reloading.
INFO 2025-04-24 16:30:58,334 autoreload 8344 9212 Watching for file changes with StatReloader
INFO 2025-04-24 16:31:57,068 autoreload 8344 9212 C:\Users\hp\Desktop\Automated-Tutoring-System\users\views.py changed, reloading.
INFO 2025-04-24 16:31:57,758 autoreload 24388 15020 Watching for file changes with StatReloader
INFO 2025-04-24 16:32:07,251 autoreload 24388 15020 C:\Users\hp\Desktop\Automated-Tutoring-System\users\urls.py changed, reloading.
INFO 2025-04-24 16:32:07,964 autoreload 15844 14480 Watching for file changes with StatReloader
INFO 2025-04-24 16:32:26,982 autoreload 18480 18684 Watching for file changes with StatReloader
INFO 2025-04-24 16:32:37,194 basehttp 18480 20492 "GET / HTTP/1.1" 200 1633
INFO 2025-04-24 16:32:37,493 basehttp 18480 20492 "GET /?format=openapi HTTP/1.1" 200 23405
INFO 2025-04-24 16:35:43,593 autoreload 18480 18684 C:\Users\hp\Desktop\Automated-Tutoring-System\users\models.py changed, reloading.
INFO 2025-04-24 16:35:44,291 autoreload 9088 9168 Watching for file changes with StatReloader
INFO 2025-04-24 16:35:46,978 autoreload 9088 9168 C:\Users\hp\Desktop\Automated-Tutoring-System\users\models.py changed, reloading.
INFO 2025-04-24 16:35:47,701 autoreload 16812 24712 Watching for file changes with StatReloader
INFO 2025-04-24 16:35:57,991 autoreload 16812 24712 C:\Users\hp\Desktop\Automated-Tutoring-System\users\models.py changed, reloading.
INFO 2025-04-24 16:35:58,724 autoreload 11444 20228 Watching for file changes with StatReloader
INFO 2025-04-24 16:45:11,362 autoreload 18516 19148 Watching for file changes with StatReloader
INFO 2025-04-24 16:50:46,555 autoreload 21288 22928 Watching for file changes with StatReloader
INFO 2025-04-24 16:50:48,674 basehttp 21288 3636 "GET / HTTP/1.1" 200 1633
INFO 2025-04-24 16:50:49,290 basehttp 21288 3636 "GET /?format=openapi HTTP/1.1" 200 546
INFO 2025-04-24 16:50:52,352 basehttp 21288 3636 "GET /admin/ HTTP/1.1" 302 0
INFO 2025-04-24 16:50:52,406 basehttp 21288 3636 "GET /admin/login/?next=/admin/ HTTP/1.1" 200 3079
INFO 2025-04-24 16:51:10,488 basehttp 21288 3636 "POST /admin/login/?next=/admin/ HTTP/1.1" 302 0
INFO 2025-04-24 16:51:10,630 basehttp 21288 3636 "GET /admin/ HTTP/1.1" 200 9950
INFO 2025-04-24 16:51:17,080 basehttp 21288 3636 "GET /admin/users/user/ HTTP/1.1" 200 19455
INFO 2025-04-24 16:51:17,143 basehttp 21288 3636 "GET /admin/jsi18n/ HTTP/1.1" 200 3342
INFO 2025-04-24 16:51:35,417 basehttp 21288 3636 "GET /admin/ HTTP/1.1" 200 9950
INFO 2025-04-24 16:52:42,993 autoreload 21288 22928 C:\Users\hp\Desktop\Automated-Tutoring-System\tutoring_system\settings.py changed, reloading.
INFO 2025-04-24 16:52:43,692 autoreload 11036 26016 Watching for file changes with StatReloader
INFO 2025-04-24 16:53:13,912 autoreload 11036 26016 C:\Users\hp\Desktop\Automated-Tutoring-System\tutoring_system\swagger.py changed, reloading.
INFO 2025-04-24 16:53:14,590 autoreload 15096 19032 Watching for file changes with StatReloader
INFO 2025-04-24 16:53:30,450 basehttp 15096 10108 "GET / HTTP/1.1" 200 1639
INFO 2025-04-24 16:53:30,649 basehttp 15096 10108 "GET /?format=openapi HTTP/1.1" 200 552
INFO 2025-04-24 16:54:41,755 autoreload 15096 19032 C:\Users\hp\Desktop\Automated-Tutoring-System\users\urls.py changed, reloading.
INFO 2025-04-24 16:54:42,455 autoreload 17876 5336 Watching for file changes with StatReloader
INFO 2025-04-24 16:57:05,629 autoreload 17876 5336 C:\Users\hp\Desktop\Automated-Tutoring-System\users\views.py changed, reloading.
INFO 2025-04-24 16:57:06,487 autoreload 24232 3044 Watching for file changes with StatReloader
INFO 2025-04-24 17:02:27,925 autoreload 24232 3044 C:\Users\hp\Desktop\Automated-Tutoring-System\users\serializers.py changed, reloading.
INFO 2025-04-24 17:05:06,898 autoreload 27256 21744 Watching for file changes with StatReloader
INFO 2025-04-24 17:05:50,829 autoreload 27256 21744 C:\Users\hp\Desktop\Automated-Tutoring-System\users\serializers.py changed, reloading.
INFO 2025-04-24 17:05:51,512 autoreload 18868 2456 Watching for file changes with StatReloader
INFO 2025-04-24 17:10:37,766 autoreload 23072 22212 Watching for file changes with StatReloader
INFO 2025-04-24 17:10:41,537 basehttp 23072 22244 "GET / HTTP/1.1" 200 1639
ERROR 2025-04-24 17:10:42,021 log 23072 22244 Internal Server Error: /
Traceback (most recent call last):
  File "C:\Users\hp\AppData\Local\Programs\Python\Python310\lib\site-packages\django\core\handlers\exception.py", line 55, in inner
    response = get_response(request)
  File "C:\Users\hp\AppData\Local\Programs\Python\Python310\lib\site-packages\django\core\handlers\base.py", line 197, in _get_response
    response = wrapped_callback(request, *callback_args, **callback_kwargs)
  File "C:\Users\hp\AppData\Local\Programs\Python\Python310\lib\site-packages\django\views\decorators\csrf.py", line 65, in _view_wrapper
    return view_func(request, *args, **kwargs)
  File "C:\Users\hp\AppData\Local\Programs\Python\Python310\lib\site-packages\django\views\generic\base.py", line 104, in view
    return self.dispatch(request, *args, **kwargs)
  File "C:\Users\hp\AppData\Local\Programs\Python\Python310\lib\site-packages\rest_framework\views.py", line 509, in dispatch
    response = self.handle_exception(exc)
  File "C:\Users\hp\AppData\Local\Programs\Python\Python310\lib\site-packages\rest_framework\views.py", line 469, in handle_exception
    self.raise_uncaught_exception(exc)
  File "C:\Users\hp\AppData\Local\Programs\Python\Python310\lib\site-packages\rest_framework\views.py", line 480, in raise_uncaught_exception
    raise exc
  File "C:\Users\hp\AppData\Local\Programs\Python\Python310\lib\site-packages\rest_framework\views.py", line 506, in dispatch
    response = handler(request, *args, **kwargs)
  File "C:\Users\hp\AppData\Local\Programs\Python\Python310\lib\site-packages\drf_yasg\views.py", line 96, in get
    schema = generator.get_schema(request, self.public)
  File "C:\Users\hp\AppData\Local\Programs\Python\Python310\lib\site-packages\drf_yasg\generators.py", line 276, in get_schema
    paths, prefix = self.get_paths(endpoints, components, request, public)
  File "C:\Users\hp\AppData\Local\Programs\Python\Python310\lib\site-packages\drf_yasg\generators.py", line 482, in get_paths
    operation = self.get_operation(view, path, prefix, method, components, request)
  File "C:\Users\hp\AppData\Local\Programs\Python\Python310\lib\site-packages\drf_yasg\generators.py", line 524, in get_operation
    operation = view_inspector.get_operation(operation_keys)
  File "C:\Users\hp\AppData\Local\Programs\Python\Python310\lib\site-packages\drf_yasg\inspectors\view.py", line 32, in get_operation
    body = self.get_request_body_parameters(consumes)
  File "C:\Users\hp\AppData\Local\Programs\Python\Python310\lib\site-packages\drf_yasg\inspectors\view.py", line 85, in get_request_body_parameters
    schema = self.get_request_body_schema(serializer)
  File "C:\Users\hp\AppData\Local\Programs\Python\Python310\lib\site-packages\drf_yasg\inspectors\view.py", line 142, in get_request_body_schema
    return self.serializer_to_schema(serializer)
  File "C:\Users\hp\AppData\Local\Programs\Python\Python310\lib\site-packages\drf_yasg\inspectors\base.py", line 438, in serializer_to_schema
    return self.probe_inspectors(
  File "C:\Users\hp\AppData\Local\Programs\Python\Python310\lib\site-packages\drf_yasg\inspectors\base.py", line 110, in probe_inspectors
    result = method(obj, **kwargs)
  File "C:\Users\hp\AppData\Local\Programs\Python\Python310\lib\site-packages\drf_yasg\inspectors\field.py", line 42, in get_schema
    return self.probe_field_inspectors(serializer, openapi.Schema, self.use_definitions)
  File "C:\Users\hp\AppData\Local\Programs\Python\Python310\lib\site-packages\drf_yasg\inspectors\base.py", line 228, in probe_field_inspectors
    return self.probe_inspectors(
  File "C:\Users\hp\AppData\Local\Programs\Python\Python310\lib\site-packages\drf_yasg\inspectors\base.py", line 110, in probe_inspectors
    result = method(obj, **kwargs)
  File "C:\Users\hp\AppData\Local\Programs\Python\Python310\lib\site-packages\drf_yasg\inspectors\field.py", line 133, in field_to_swagger_object
    actual_schema = definitions.setdefault(ref_name, make_schema_definition)
  File "C:\Users\hp\AppData\Local\Programs\Python\Python310\lib\site-packages\drf_yasg\openapi.py", line 685, in setdefault
    ret = maker()
  File "C:\Users\hp\AppData\Local\Programs\Python\Python310\lib\site-packages\drf_yasg\inspectors\field.py", line 102, in make_schema_definition
    for property_name, child in serializer.fields.items():
  File "C:\Users\hp\AppData\Local\Programs\Python\Python310\lib\site-packages\django\utils\functional.py", line 47, in __get__
    res = instance.__dict__[self.name] = self.func(instance)
  File "C:\Users\hp\AppData\Local\Programs\Python\Python310\lib\site-packages\rest_framework\serializers.py", line 372, in fields
    for key, value in self.get_fields().items():
  File "C:\Users\hp\AppData\Local\Programs\Python\Python310\lib\site-packages\rest_framework\serializers.py", line 1079, in get_fields
    field_names = self.get_field_names(declared_fields, info)
  File "C:\Users\hp\AppData\Local\Programs\Python\Python310\lib\site-packages\rest_framework\serializers.py", line 1175, in get_field_names
    assert field_name in fields, (
AssertionError: The field 'password' was declared on serializer RegisterUserSerializer, but has not been included in the 'fields' option.
ERROR 2025-04-24 17:10:42,029 basehttp 23072 22244 "GET /?format=openapi HTTP/1.1" 500 212183
INFO 2025-04-24 17:13:05,142 autoreload 23072 22212 C:\Users\hp\Desktop\Automated-Tutoring-System\users\serializers.py changed, reloading.
INFO 2025-04-24 17:13:05,871 autoreload 2972 12736 Watching for file changes with StatReloader
INFO 2025-04-24 17:13:08,162 basehttp 2972 25764 "GET / HTTP/1.1" 200 1639
ERROR 2025-04-24 17:13:08,461 log 2972 25764 Internal Server Error: /
Traceback (most recent call last):
  File "C:\Users\hp\AppData\Local\Programs\Python\Python310\lib\site-packages\django\core\handlers\exception.py", line 55, in inner
    response = get_response(request)
  File "C:\Users\hp\AppData\Local\Programs\Python\Python310\lib\site-packages\django\core\handlers\base.py", line 197, in _get_response
    response = wrapped_callback(request, *callback_args, **callback_kwargs)
  File "C:\Users\hp\AppData\Local\Programs\Python\Python310\lib\site-packages\django\views\decorators\csrf.py", line 65, in _view_wrapper
    return view_func(request, *args, **kwargs)
  File "C:\Users\hp\AppData\Local\Programs\Python\Python310\lib\site-packages\django\views\generic\base.py", line 104, in view
    return self.dispatch(request, *args, **kwargs)
  File "C:\Users\hp\AppData\Local\Programs\Python\Python310\lib\site-packages\rest_framework\views.py", line 509, in dispatch
    response = self.handle_exception(exc)
  File "C:\Users\hp\AppData\Local\Programs\Python\Python310\lib\site-packages\rest_framework\views.py", line 469, in handle_exception
    self.raise_uncaught_exception(exc)
  File "C:\Users\hp\AppData\Local\Programs\Python\Python310\lib\site-packages\rest_framework\views.py", line 480, in raise_uncaught_exception
    raise exc
  File "C:\Users\hp\AppData\Local\Programs\Python\Python310\lib\site-packages\rest_framework\views.py", line 506, in dispatch
    response = handler(request, *args, **kwargs)
  File "C:\Users\hp\AppData\Local\Programs\Python\Python310\lib\site-packages\drf_yasg\views.py", line 96, in get
    schema = generator.get_schema(request, self.public)
  File "C:\Users\hp\AppData\Local\Programs\Python\Python310\lib\site-packages\drf_yasg\generators.py", line 276, in get_schema
    paths, prefix = self.get_paths(endpoints, components, request, public)
  File "C:\Users\hp\AppData\Local\Programs\Python\Python310\lib\site-packages\drf_yasg\generators.py", line 482, in get_paths
    operation = self.get_operation(view, path, prefix, method, components, request)
  File "C:\Users\hp\AppData\Local\Programs\Python\Python310\lib\site-packages\drf_yasg\generators.py", line 524, in get_operation
    operation = view_inspector.get_operation(operation_keys)
  File "C:\Users\hp\AppData\Local\Programs\Python\Python310\lib\site-packages\drf_yasg\inspectors\view.py", line 32, in get_operation
    body = self.get_request_body_parameters(consumes)
  File "C:\Users\hp\AppData\Local\Programs\Python\Python310\lib\site-packages\drf_yasg\inspectors\view.py", line 85, in get_request_body_parameters
    schema = self.get_request_body_schema(serializer)
  File "C:\Users\hp\AppData\Local\Programs\Python\Python310\lib\site-packages\drf_yasg\inspectors\view.py", line 142, in get_request_body_schema
    return self.serializer_to_schema(serializer)
  File "C:\Users\hp\AppData\Local\Programs\Python\Python310\lib\site-packages\drf_yasg\inspectors\base.py", line 438, in serializer_to_schema
    return self.probe_inspectors(
  File "C:\Users\hp\AppData\Local\Programs\Python\Python310\lib\site-packages\drf_yasg\inspectors\base.py", line 110, in probe_inspectors
    result = method(obj, **kwargs)
  File "C:\Users\hp\AppData\Local\Programs\Python\Python310\lib\site-packages\drf_yasg\inspectors\field.py", line 42, in get_schema
    return self.probe_field_inspectors(serializer, openapi.Schema, self.use_definitions)
  File "C:\Users\hp\AppData\Local\Programs\Python\Python310\lib\site-packages\drf_yasg\inspectors\base.py", line 228, in probe_field_inspectors
    return self.probe_inspectors(
  File "C:\Users\hp\AppData\Local\Programs\Python\Python310\lib\site-packages\drf_yasg\inspectors\base.py", line 110, in probe_inspectors
    result = method(obj, **kwargs)
  File "C:\Users\hp\AppData\Local\Programs\Python\Python310\lib\site-packages\drf_yasg\inspectors\field.py", line 133, in field_to_swagger_object
    actual_schema = definitions.setdefault(ref_name, make_schema_definition)
  File "C:\Users\hp\AppData\Local\Programs\Python\Python310\lib\site-packages\drf_yasg\openapi.py", line 685, in setdefault
    ret = maker()
  File "C:\Users\hp\AppData\Local\Programs\Python\Python310\lib\site-packages\drf_yasg\inspectors\field.py", line 102, in make_schema_definition
    for property_name, child in serializer.fields.items():
  File "C:\Users\hp\AppData\Local\Programs\Python\Python310\lib\site-packages\django\utils\functional.py", line 47, in __get__
    res = instance.__dict__[self.name] = self.func(instance)
  File "C:\Users\hp\AppData\Local\Programs\Python\Python310\lib\site-packages\rest_framework\serializers.py", line 372, in fields
    for key, value in self.get_fields().items():
  File "C:\Users\hp\AppData\Local\Programs\Python\Python310\lib\site-packages\rest_framework\serializers.py", line 1079, in get_fields
    field_names = self.get_field_names(declared_fields, info)
  File "C:\Users\hp\AppData\Local\Programs\Python\Python310\lib\site-packages\rest_framework\serializers.py", line 1175, in get_field_names
    assert field_name in fields, (
AssertionError: The field 'password' was declared on serializer RegisterUserSerializer, but has not been included in the 'fields' option.
ERROR 2025-04-24 17:13:08,465 basehttp 2972 25764 "GET /?format=openapi HTTP/1.1" 500 212183
INFO 2025-04-24 17:15:31,983 autoreload 2972 12736 C:\Users\hp\Desktop\Automated-Tutoring-System\users\serializers.py changed, reloading.
INFO 2025-04-24 17:15:32,695 autoreload 26644 24260 Watching for file changes with StatReloader
INFO 2025-04-24 17:15:40,854 basehttp 26644 26328 "GET / HTTP/1.1" 200 1639
INFO 2025-04-24 17:15:41,133 basehttp 26644 26328 "GET /?format=openapi HTTP/1.1" 200 2640
ERROR 2025-04-24 17:17:10,483 log 26644 26328 Internal Server Error: /api/register/
Traceback (most recent call last):
  File "C:\Users\hp\AppData\Local\Programs\Python\Python310\lib\site-packages\django\core\handlers\exception.py", line 55, in inner
    response = get_response(request)
  File "C:\Users\hp\AppData\Local\Programs\Python\Python310\lib\site-packages\django\core\handlers\base.py", line 197, in _get_response
    response = wrapped_callback(request, *callback_args, **callback_kwargs)
  File "C:\Users\hp\AppData\Local\Programs\Python\Python310\lib\site-packages\django\views\decorators\csrf.py", line 65, in _view_wrapper
    return view_func(request, *args, **kwargs)
  File "C:\Users\hp\AppData\Local\Programs\Python\Python310\lib\site-packages\django\views\generic\base.py", line 104, in view
    return self.dispatch(request, *args, **kwargs)
  File "C:\Users\hp\AppData\Local\Programs\Python\Python310\lib\site-packages\rest_framework\views.py", line 509, in dispatch
    response = self.handle_exception(exc)
  File "C:\Users\hp\AppData\Local\Programs\Python\Python310\lib\site-packages\rest_framework\views.py", line 469, in handle_exception
    self.raise_uncaught_exception(exc)
  File "C:\Users\hp\AppData\Local\Programs\Python\Python310\lib\site-packages\rest_framework\views.py", line 480, in raise_uncaught_exception
    raise exc
  File "C:\Users\hp\AppData\Local\Programs\Python\Python310\lib\site-packages\rest_framework\views.py", line 506, in dispatch
    response = handler(request, *args, **kwargs)
  File "C:\Users\hp\Desktop\Automated-Tutoring-System\users\views.py", line 893, in post
    serializer = RegisterUserSerializer(data=request.data, files=request.FILES)
  File "C:\Users\hp\AppData\Local\Programs\Python\Python310\lib\site-packages\rest_framework\serializers.py", line 119, in __init__
    super().__init__(**kwargs)
TypeError: Field.__init__() got an unexpected keyword argument 'files'
ERROR 2025-04-24 17:17:10,488 basehttp 26644 26328 "POST /api/register/ HTTP/1.1" 500 22210
INFO 2025-04-24 17:18:25,351 autoreload 26644 24260 C:\Users\hp\Desktop\Automated-Tutoring-System\users\views.py changed, reloading.
INFO 2025-04-24 17:18:26,036 autoreload 7384 13528 Watching for file changes with StatReloader
INFO 2025-04-24 17:18:37,715 autoreload 7384 13528 C:\Users\hp\Desktop\Automated-Tutoring-System\users\views.py changed, reloading.
INFO 2025-04-24 17:18:38,418 autoreload 19912 26940 Watching for file changes with StatReloader
INFO 2025-04-24 17:18:57,188 basehttp 19912 23528 "POST /api/register/ HTTP/1.1" 201 869
ERROR 2025-04-24 17:20:19,589 log 19912 23528 Internal Server Error: /api/register/
Traceback (most recent call last):
  File "C:\Users\hp\AppData\Local\Programs\Python\Python310\lib\site-packages\django\core\handlers\exception.py", line 55, in inner
    response = get_response(request)
  File "C:\Users\hp\AppData\Local\Programs\Python\Python310\lib\site-packages\django\core\handlers\base.py", line 197, in _get_response
    response = wrapped_callback(request, *callback_args, **callback_kwargs)
  File "C:\Users\hp\AppData\Local\Programs\Python\Python310\lib\site-packages\django\views\decorators\csrf.py", line 65, in _view_wrapper
    return view_func(request, *args, **kwargs)
  File "C:\Users\hp\AppData\Local\Programs\Python\Python310\lib\site-packages\django\views\generic\base.py", line 104, in view
    return self.dispatch(request, *args, **kwargs)
  File "C:\Users\hp\AppData\Local\Programs\Python\Python310\lib\site-packages\rest_framework\views.py", line 509, in dispatch
    response = self.handle_exception(exc)
  File "C:\Users\hp\AppData\Local\Programs\Python\Python310\lib\site-packages\rest_framework\views.py", line 469, in handle_exception
    self.raise_uncaught_exception(exc)
  File "C:\Users\hp\AppData\Local\Programs\Python\Python310\lib\site-packages\rest_framework\views.py", line 480, in raise_uncaught_exception
    raise exc
  File "C:\Users\hp\AppData\Local\Programs\Python\Python310\lib\site-packages\rest_framework\views.py", line 506, in dispatch
    response = handler(request, *args, **kwargs)
  File "C:\Users\hp\Desktop\Automated-Tutoring-System\users\views.py", line 896, in post
    logger.warning("Registration validation failed: %s", serializer.errors)
NameError: name 'logger' is not defined
ERROR 2025-04-24 17:20:19,591 basehttp 19912 23528 "POST /api/register/ HTTP/1.1" 500 21981
INFO 2025-04-24 17:21:28,568 autoreload 19912 26940 C:\Users\hp\Desktop\Automated-Tutoring-System\users\views.py changed, reloading.
INFO 2025-04-24 17:21:29,240 autoreload 13756 12936 Watching for file changes with StatReloader
WARNING 2025-04-24 17:21:35,742 log 13756 22484 Bad Request: /api/register/
WARNING 2025-04-24 17:21:35,743 basehttp 13756 22484 "POST /api/register/ HTTP/1.1" 400 77
INFO 2025-04-24 17:21:55,211 basehttp 13756 22484 "POST /api/register/ HTTP/1.1" 201 871
INFO 2025-04-24 17:24:22,285 autoreload 13756 12936 C:\Users\hp\Desktop\Automated-Tutoring-System\users\serializers.py changed, reloading.
INFO 2025-04-24 17:24:22,993 autoreload 20072 19052 Watching for file changes with StatReloader
INFO 2025-04-24 17:24:49,859 autoreload 20072 19052 C:\Users\hp\Desktop\Automated-Tutoring-System\users\views.py changed, reloading.
INFO 2025-04-24 17:24:50,606 autoreload 15732 10844 Watching for file changes with StatReloader
INFO 2025-04-24 17:25:11,022 autoreload 15732 10844 C:\Users\hp\Desktop\Automated-Tutoring-System\users\views.py changed, reloading.
INFO 2025-04-24 17:25:11,677 autoreload 6996 9488 Watching for file changes with StatReloader
INFO 2025-04-24 17:25:35,447 autoreload 6996 9488 C:\Users\hp\Desktop\Automated-Tutoring-System\users\serializers.py changed, reloading.
INFO 2025-04-24 17:25:36,167 autoreload 25836 6824 Watching for file changes with StatReloader
INFO 2025-04-24 17:25:43,411 basehttp 25836 18772 "GET / HTTP/1.1" 200 1639
INFO 2025-04-24 17:25:43,829 basehttp 25836 18772 "GET /?format=openapi HTTP/1.1" 200 2640
INFO 2025-04-24 17:26:06,739 autoreload 25836 6824 C:\Users\hp\Desktop\Automated-Tutoring-System\users\urls.py changed, reloading.
INFO 2025-04-24 17:26:07,447 autoreload 23588 20144 Watching for file changes with StatReloader
INFO 2025-04-24 17:26:59,986 basehttp 23588 12868 "GET / HTTP/1.1" 200 1639
INFO 2025-04-24 17:27:00,107 basehttp 23588 12868 "GET /?format=openapi HTTP/1.1" 200 3555
INFO 2025-04-24 17:27:27,310 basehttp 23588 12868 "POST /api/login/ HTTP/1.1" 200 1390
INFO 2025-04-24 17:28:24,563 autoreload 23588 20144 C:\Users\hp\Desktop\Automated-Tutoring-System\users\urls.py changed, reloading.
INFO 2025-04-24 17:28:25,262 autoreload 2716 15672 Watching for file changes with StatReloader
INFO 2025-04-24 17:29:37,256 basehttp 2716 11028 "GET /admin/ HTTP/1.1" 200 9974
INFO 2025-04-24 17:29:38,697 basehttp 2716 11028 "GET /admin/users/user/ HTTP/1.1" 200 20998
INFO 2025-04-24 17:29:38,743 basehttp 2716 11028 "GET /admin/jsi18n/ HTTP/1.1" 200 3342
INFO 2025-04-24 17:33:14,630 autoreload 2716 15672 C:\Users\hp\Desktop\Automated-Tutoring-System\users\views.py changed, reloading.
INFO 2025-04-24 17:33:15,878 autoreload 26064 8324 Watching for file changes with StatReloader
INFO 2025-04-24 17:34:34,554 autoreload 26064 8324 C:\Users\hp\Desktop\Automated-Tutoring-System\users\serializers.py changed, reloading.
INFO 2025-04-24 17:34:35,461 autoreload 2576 8560 Watching for file changes with StatReloader
INFO 2025-04-24 17:35:54,417 autoreload 2576 8560 C:\Users\hp\Desktop\Automated-Tutoring-System\users\urls.py changed, reloading.
INFO 2025-04-24 17:35:55,410 autoreload 19904 16600 Watching for file changes with StatReloader
INFO 2025-04-24 17:35:58,062 basehttp 19904 4716 "GET / HTTP/1.1" 200 1639
INFO 2025-04-24 17:35:59,012 basehttp 19904 4716 "GET /?format=openapi HTTP/1.1" 200 4850
INFO 2025-04-24 17:36:19,879 basehttp 19904 4716 "POST /api/social-sign-in/ HTTP/1.1" 200 1400
ERROR 2025-04-24 17:36:37,589 log 19904 4716 Internal Server Error: /api/social-sign-in/
Traceback (most recent call last):
  File "C:\Users\hp\Desktop\Automated-Tutoring-System\users\views.py", line 1022, in post
    user = User.objects.get(email=email)
  File "C:\Users\hp\AppData\Local\Programs\Python\Python310\lib\site-packages\django\db\models\manager.py", line 87, in manager_method
    return getattr(self.get_queryset(), name)(*args, **kwargs)
  File "C:\Users\hp\AppData\Local\Programs\Python\Python310\lib\site-packages\django\db\models\query.py", line 649, in get
    raise self.model.DoesNotExist(
users.models.User.DoesNotExist: User matching query does not exist.

During handling of the above exception, another exception occurred:

Traceback (most recent call last):
  File "C:\Users\hp\AppData\Local\Programs\Python\Python310\lib\site-packages\django\core\handlers\exception.py", line 55, in inner
    response = get_response(request)
  File "C:\Users\hp\AppData\Local\Programs\Python\Python310\lib\site-packages\django\core\handlers\base.py", line 197, in _get_response
    response = wrapped_callback(request, *callback_args, **callback_kwargs)
  File "C:\Users\hp\AppData\Local\Programs\Python\Python310\lib\site-packages\django\views\decorators\csrf.py", line 65, in _view_wrapper
    return view_func(request, *args, **kwargs)
  File "C:\Users\hp\AppData\Local\Programs\Python\Python310\lib\site-packages\django\views\generic\base.py", line 104, in view
    return self.dispatch(request, *args, **kwargs)
  File "C:\Users\hp\AppData\Local\Programs\Python\Python310\lib\site-packages\rest_framework\views.py", line 509, in dispatch
    response = self.handle_exception(exc)
  File "C:\Users\hp\AppData\Local\Programs\Python\Python310\lib\site-packages\rest_framework\views.py", line 469, in handle_exception
    self.raise_uncaught_exception(exc)
  File "C:\Users\hp\AppData\Local\Programs\Python\Python310\lib\site-packages\rest_framework\views.py", line 480, in raise_uncaught_exception
    raise exc
  File "C:\Users\hp\AppData\Local\Programs\Python\Python310\lib\site-packages\rest_framework\views.py", line 506, in dispatch
    response = handler(request, *args, **kwargs)
  File "C:\Users\hp\Desktop\Automated-Tutoring-System\users\views.py", line 1025, in post
    user = serializer.save()
  File "C:\Users\hp\AppData\Local\Programs\Python\Python310\lib\site-packages\rest_framework\serializers.py", line 208, in save
    self.instance = self.create(validated_data)
  File "C:\Users\hp\Desktop\Automated-Tutoring-System\users\serializers.py", line 260, in create
    user = User.objects.create_user(
KeyError: 'email'
ERROR 2025-04-24 17:36:37,597 basehttp 19904 4716 "POST /api/social-sign-in/ HTTP/1.1" 500 22828
INFO 2025-04-24 17:40:20,475 autoreload 19904 16600 C:\Users\hp\Desktop\Automated-Tutoring-System\users\serializers.py changed, reloading.
INFO 2025-04-24 17:40:21,488 autoreload 5896 26768 Watching for file changes with StatReloader
INFO 2025-04-24 17:40:29,299 autoreload 5896 26768 C:\Users\hp\Desktop\Automated-Tutoring-System\users\serializers.py changed, reloading.
INFO 2025-04-24 17:40:30,252 autoreload 23068 26976 Watching for file changes with StatReloader
WARNING 2025-04-24 17:40:44,802 log 23068 13828 Bad Request: /api/social-sign-in/
WARNING 2025-04-24 17:40:44,802 basehttp 23068 13828 "POST /api/social-sign-in/ HTTP/1.1" 400 97
WARNING 2025-04-24 17:55:45,219 log 23068 20828 Bad Request: /api/social-sign-in/
WARNING 2025-04-24 17:55:45,220 basehttp 23068 20828 "POST /api/social-sign-in/ HTTP/1.1" 400 97
INFO 2025-04-24 17:57:34,216 autoreload 23068 26976 C:\Users\hp\Desktop\Automated-Tutoring-System\users\serializers.py changed, reloading.
INFO 2025-04-24 17:57:34,910 autoreload 20804 10264 Watching for file changes with StatReloader
ERROR 2025-04-24 17:57:45,449 log 20804 3272 Internal Server Error: /api/social-sign-in/
Traceback (most recent call last):
  File "C:\Users\hp\Desktop\Automated-Tutoring-System\users\views.py", line 1022, in post
    user = User.objects.get(email=email)
  File "C:\Users\hp\AppData\Local\Programs\Python\Python310\lib\site-packages\django\db\models\manager.py", line 87, in manager_method
    return getattr(self.get_queryset(), name)(*args, **kwargs)
  File "C:\Users\hp\AppData\Local\Programs\Python\Python310\lib\site-packages\django\db\models\query.py", line 649, in get
    raise self.model.DoesNotExist(
users.models.User.DoesNotExist: User matching query does not exist.

During handling of the above exception, another exception occurred:

Traceback (most recent call last):
  File "C:\Users\hp\AppData\Local\Programs\Python\Python310\lib\site-packages\django\core\handlers\exception.py", line 55, in inner
    response = get_response(request)
  File "C:\Users\hp\AppData\Local\Programs\Python\Python310\lib\site-packages\django\core\handlers\base.py", line 197, in _get_response
    response = wrapped_callback(request, *callback_args, **callback_kwargs)
  File "C:\Users\hp\AppData\Local\Programs\Python\Python310\lib\site-packages\django\views\decorators\csrf.py", line 65, in _view_wrapper
    return view_func(request, *args, **kwargs)
  File "C:\Users\hp\AppData\Local\Programs\Python\Python310\lib\site-packages\django\views\generic\base.py", line 104, in view
    return self.dispatch(request, *args, **kwargs)
  File "C:\Users\hp\AppData\Local\Programs\Python\Python310\lib\site-packages\rest_framework\views.py", line 509, in dispatch
    response = self.handle_exception(exc)
  File "C:\Users\hp\AppData\Local\Programs\Python\Python310\lib\site-packages\rest_framework\views.py", line 469, in handle_exception
    self.raise_uncaught_exception(exc)
  File "C:\Users\hp\AppData\Local\Programs\Python\Python310\lib\site-packages\rest_framework\views.py", line 480, in raise_uncaught_exception
    raise exc
  File "C:\Users\hp\AppData\Local\Programs\Python\Python310\lib\site-packages\rest_framework\views.py", line 506, in dispatch
    response = handler(request, *args, **kwargs)
  File "C:\Users\hp\Desktop\Automated-Tutoring-System\users\views.py", line 1025, in post
    user = serializer.save()
  File "C:\Users\hp\AppData\Local\Programs\Python\Python310\lib\site-packages\rest_framework\serializers.py", line 208, in save
    self.instance = self.create(validated_data)
  File "C:\Users\hp\Desktop\Automated-Tutoring-System\users\serializers.py", line 260, in create
    user = User.objects.create_user(
KeyError: 'email'
ERROR 2025-04-24 17:57:45,454 basehttp 20804 3272 "POST /api/social-sign-in/ HTTP/1.1" 500 22828
INFO 2025-04-24 18:05:59,907 autoreload 20804 10264 C:\Users\hp\Desktop\Automated-Tutoring-System\users\serializers.py changed, reloading.
INFO 2025-04-24 18:06:00,589 autoreload 27576 1956 Watching for file changes with StatReloader
INFO 2025-04-24 18:06:18,341 basehttp 27576 23064 "POST /api/social-sign-in/ HTTP/1.1" 200 1351
INFO 2025-04-24 18:06:22,982 basehttp 27576 23064 "POST /api/social-sign-in/ HTTP/1.1" 200 1388
INFO 2025-04-24 18:06:27,716 basehttp 27576 23064 "POST /api/social-sign-in/ HTTP/1.1" 200 1388
INFO 2025-04-24 18:07:28,882 autoreload 27576 1956 C:\Users\hp\Desktop\Automated-Tutoring-System\users\models.py changed, reloading.
INFO 2025-04-24 18:07:29,609 autoreload 18132 27220 Watching for file changes with StatReloader
INFO 2025-04-24 18:11:30,453 autoreload 14244 9264 Watching for file changes with StatReloader
INFO 2025-04-24 18:11:46,519 autoreload 14244 9264 C:\Users\hp\Desktop\Automated-Tutoring-System\users\urls.py changed, reloading.
INFO 2025-04-24 18:11:47,194 autoreload 12528 16076 Watching for file changes with StatReloader
INFO 2025-04-24 18:12:17,597 basehttp 12528 16284 "POST /api/register/ HTTP/1.1" 201 886
INFO 2025-04-24 18:12:32,948 basehttp 12528 16284 "GET /admin/users/user/ HTTP/1.1" 200 22510
INFO 2025-04-24 18:12:32,989 basehttp 12528 16284 "GET /admin/jsi18n/ HTTP/1.1" 200 3342
INFO 2025-04-24 18:17:05,005 autoreload 12528 16076 C:\Users\hp\Desktop\Automated-Tutoring-System\users\views.py changed, reloading.
INFO 2025-04-24 18:17:05,728 autoreload 18668 16656 Watching for file changes with StatReloader
INFO 2025-04-24 18:17:32,031 autoreload 18668 16656 C:\Users\hp\Desktop\Automated-Tutoring-System\users\urls.py changed, reloading.
INFO 2025-04-24 18:17:33,082 autoreload 16968 15924 Watching for file changes with StatReloader
INFO 2025-04-24 18:18:24,099 autoreload 16968 15924 C:\Users\hp\Desktop\Automated-Tutoring-System\users\views.py changed, reloading.
INFO 2025-04-24 18:18:25,064 autoreload 10544 25972 Watching for file changes with StatReloader
INFO 2025-04-24 18:18:27,453 basehttp 10544 9316 "GET / HTTP/1.1" 200 1639
INFO 2025-04-24 18:18:28,022 basehttp 10544 9316 "GET /?format=openapi HTTP/1.1" 200 5598
INFO 2025-04-24 18:18:54,209 basehttp 10544 9316 "POST /api/verify-otp/ HTTP/1.1" 200 74
INFO 2025-04-24 18:19:03,984 basehttp 10544 9316 "GET /admin/users/user/ HTTP/1.1" 200 22510
INFO 2025-04-24 18:19:04,037 basehttp 10544 9316 "GET /admin/jsi18n/ HTTP/1.1" 200 3342
INFO 2025-04-24 18:20:28,361 autoreload 10544 25972 C:\Users\hp\Desktop\Automated-Tutoring-System\users\views.py changed, reloading.
INFO 2025-04-24 18:20:29,085 autoreload 4692 23456 Watching for file changes with StatReloader
INFO 2025-04-24 18:21:13,400 autoreload 4692 23456 C:\Users\hp\Desktop\Automated-Tutoring-System\users\views.py changed, reloading.
INFO 2025-04-24 18:21:14,086 autoreload 11168 1816 Watching for file changes with StatReloader
INFO 2025-04-24 18:21:20,110 basehttp 11168 17568 "GET / HTTP/1.1" 200 1639
INFO 2025-04-24 18:21:20,231 basehttp 11168 17568 "GET /?format=openapi HTTP/1.1" 200 5591
INFO 2025-04-24 18:21:43,848 autoreload 11168 1816 C:\Users\hp\Desktop\Automated-Tutoring-System\users\views.py changed, reloading.
INFO 2025-04-24 18:21:44,506 autoreload 19392 3260 Watching for file changes with StatReloader
INFO 2025-04-24 18:21:49,108 basehttp 19392 4272 "GET / HTTP/1.1" 200 1639
INFO 2025-04-24 18:21:49,388 basehttp 19392 4272 "GET /static/drf-yasg/style.css HTTP/1.1" 200 1047
INFO 2025-04-24 18:21:49,410 basehttp 19392 21096 "GET /static/drf-yasg/insQ.min.js HTTP/1.1" 200 2093
INFO 2025-04-24 18:21:49,418 basehttp 19392 4272 "GET /static/drf-yasg/swagger-ui-init.js HTTP/1.1" 200 15480
INFO 2025-04-24 18:21:49,440 basehttp 19392 25688 "GET /static/drf-yasg/swagger-ui-dist/swagger-ui.css HTTP/1.1" 200 145206
INFO 2025-04-24 18:21:49,447 basehttp 19392 1732 "GET /static/drf-yasg/immutable.min.js HTTP/1.1" 200 56904
INFO 2025-04-24 18:21:49,460 basehttp 19392 24424 "GET /static/drf-yasg/swagger-ui-dist/swagger-ui-bundle.js HTTP/1.1" 200 1046583
INFO 2025-04-24 18:21:49,557 basehttp 19392 11212 "GET /static/drf-yasg/swagger-ui-dist/swagger-ui-standalone-preset.js HTTP/1.1" 200 322863
INFO 2025-04-24 18:21:49,613 basehttp 19392 11212 "GET /?format=openapi HTTP/1.1" 200 5585
INFO 2025-04-24 18:21:49,615 basehttp 19392 24424 "GET /static/drf-yasg/swagger-ui-dist/favicon-32x32.png HTTP/1.1" 200 628
INFO 2025-04-28 01:55:26,675 autoreload 23316 19548 Watching for file changes with StatReloader
INFO 2025-04-28 02:01:18,178 autoreload 23316 19548 C:\Users\hp\Desktop\Automated-Tutoring-System\tutoring_system\urls.py changed, reloading.
INFO 2025-04-28 02:01:18,887 autoreload 15812 18476 Watching for file changes with StatReloader
INFO 2025-04-28 02:01:21,474 basehttp 15812 11444 "GET / HTTP/1.1" 200 1639
INFO 2025-04-28 02:01:21,868 basehttp 15812 5792 "GET /static/drf-yasg/insQ.min.js HTTP/1.1" 200 2093
INFO 2025-04-28 02:01:21,869 basehttp 15812 16292 "GET /static/drf-yasg/swagger-ui-init.js HTTP/1.1" 200 15480
INFO 2025-04-28 02:01:21,887 basehttp 15812 5080 "GET /static/drf-yasg/swagger-ui-dist/swagger-ui-bundle.js HTTP/1.1" 200 1046583
INFO 2025-04-28 02:01:21,899 basehttp 15812 17936 "GET /static/drf-yasg/immutable.min.js HTTP/1.1" 200 56904
INFO 2025-04-28 02:01:22,011 basehttp 15812 18492 "GET /static/drf-yasg/swagger-ui-dist/swagger-ui-standalone-preset.js HTTP/1.1" 200 322863
ERROR 2025-04-28 02:01:22,119 log 15812 11444 Internal Server Error: /
Traceback (most recent call last):
  File "C:\Users\hp\AppData\Local\Programs\Python\Python310\lib\site-packages\django\core\handlers\exception.py", line 55, in inner
    response = get_response(request)
  File "C:\Users\hp\AppData\Local\Programs\Python\Python310\lib\site-packages\django\core\handlers\base.py", line 197, in _get_response
    response = wrapped_callback(request, *callback_args, **callback_kwargs)
  File "C:\Users\hp\AppData\Local\Programs\Python\Python310\lib\site-packages\django\views\decorators\csrf.py", line 65, in _view_wrapper
    return view_func(request, *args, **kwargs)
  File "C:\Users\hp\AppData\Local\Programs\Python\Python310\lib\site-packages\django\views\generic\base.py", line 104, in view
    return self.dispatch(request, *args, **kwargs)
  File "C:\Users\hp\AppData\Local\Programs\Python\Python310\lib\site-packages\rest_framework\views.py", line 509, in dispatch
    response = self.handle_exception(exc)
  File "C:\Users\hp\AppData\Local\Programs\Python\Python310\lib\site-packages\rest_framework\views.py", line 469, in handle_exception
    self.raise_uncaught_exception(exc)
  File "C:\Users\hp\AppData\Local\Programs\Python\Python310\lib\site-packages\rest_framework\views.py", line 480, in raise_uncaught_exception
    raise exc
  File "C:\Users\hp\AppData\Local\Programs\Python\Python310\lib\site-packages\rest_framework\views.py", line 506, in dispatch
    response = handler(request, *args, **kwargs)
  File "C:\Users\hp\AppData\Local\Programs\Python\Python310\lib\site-packages\drf_yasg\views.py", line 96, in get
    schema = generator.get_schema(request, self.public)
  File "C:\Users\hp\AppData\Local\Programs\Python\Python310\lib\site-packages\drf_yasg\generators.py", line 276, in get_schema
    paths, prefix = self.get_paths(endpoints, components, request, public)
  File "C:\Users\hp\AppData\Local\Programs\Python\Python310\lib\site-packages\drf_yasg\generators.py", line 482, in get_paths
    operation = self.get_operation(view, path, prefix, method, components, request)
  File "C:\Users\hp\AppData\Local\Programs\Python\Python310\lib\site-packages\drf_yasg\generators.py", line 524, in get_operation
    operation = view_inspector.get_operation(operation_keys)
  File "C:\Users\hp\AppData\Local\Programs\Python\Python310\lib\site-packages\drf_yasg\inspectors\view.py", line 45, in get_operation
    responses = self.get_responses()
  File "C:\Users\hp\AppData\Local\Programs\Python\Python310\lib\site-packages\drf_yasg\inspectors\view.py", line 180, in get_responses
    response_serializers = self.get_response_serializers()
  File "C:\Users\hp\AppData\Local\Programs\Python\Python310\lib\site-packages\drf_yasg\inspectors\view.py", line 235, in get_response_serializers
    responses = self.get_default_responses()
  File "C:\Users\hp\AppData\Local\Programs\Python\Python310\lib\site-packages\drf_yasg\inspectors\view.py", line 211, in get_default_responses
    default_schema = self.serializer_to_schema(default_schema) or ''
  File "C:\Users\hp\AppData\Local\Programs\Python\Python310\lib\site-packages\drf_yasg\inspectors\base.py", line 438, in serializer_to_schema
    return self.probe_inspectors(
  File "C:\Users\hp\AppData\Local\Programs\Python\Python310\lib\site-packages\drf_yasg\inspectors\base.py", line 110, in probe_inspectors
    result = method(obj, **kwargs)
  File "C:\Users\hp\AppData\Local\Programs\Python\Python310\lib\site-packages\drf_yasg\inspectors\field.py", line 42, in get_schema
    return self.probe_field_inspectors(serializer, openapi.Schema, self.use_definitions)
  File "C:\Users\hp\AppData\Local\Programs\Python\Python310\lib\site-packages\drf_yasg\inspectors\base.py", line 228, in probe_field_inspectors
    return self.probe_inspectors(
  File "C:\Users\hp\AppData\Local\Programs\Python\Python310\lib\site-packages\drf_yasg\inspectors\base.py", line 110, in probe_inspectors
    result = method(obj, **kwargs)
  File "C:\Users\hp\AppData\Local\Programs\Python\Python310\lib\site-packages\drf_yasg\inspectors\field.py", line 133, in field_to_swagger_object
    actual_schema = definitions.setdefault(ref_name, make_schema_definition)
  File "C:\Users\hp\AppData\Local\Programs\Python\Python310\lib\site-packages\drf_yasg\openapi.py", line 685, in setdefault
    ret = maker()
  File "C:\Users\hp\AppData\Local\Programs\Python\Python310\lib\site-packages\drf_yasg\inspectors\field.py", line 102, in make_schema_definition
    for property_name, child in serializer.fields.items():
  File "C:\Users\hp\AppData\Local\Programs\Python\Python310\lib\site-packages\django\utils\functional.py", line 47, in __get__
    res = instance.__dict__[self.name] = self.func(instance)
  File "C:\Users\hp\AppData\Local\Programs\Python\Python310\lib\site-packages\rest_framework\serializers.py", line 372, in fields
    for key, value in self.get_fields().items():
  File "C:\Users\hp\AppData\Local\Programs\Python\Python310\lib\site-packages\rest_framework\serializers.py", line 1103, in get_fields
    field_class, field_kwargs = self.build_field(
  File "C:\Users\hp\AppData\Local\Programs\Python\Python310\lib\site-packages\rest_framework\serializers.py", line 1239, in build_field
    return self.build_relational_field(field_name, relation_info)
  File "C:\Users\hp\AppData\Local\Programs\Python\Python310\lib\site-packages\rest_framework\serializers.py", line 1317, in build_relational_field
    field_kwargs = get_relation_kwargs(field_name, relation_info)
  File "C:\Users\hp\AppData\Local\Programs\Python\Python310\lib\site-packages\rest_framework\utils\field_mapping.py", line 270, in get_relation_kwargs
    kwargs['queryset'] = kwargs['queryset'].filter(limit_choices_to)
  File "C:\Users\hp\AppData\Local\Programs\Python\Python310\lib\site-packages\django\db\models\manager.py", line 87, in manager_method
    return getattr(self.get_queryset(), name)(*args, **kwargs)
  File "C:\Users\hp\AppData\Local\Programs\Python\Python310\lib\site-packages\django\db\models\query.py", line 1476, in filter
    return self._filter_or_exclude(False, args, kwargs)
  File "C:\Users\hp\AppData\Local\Programs\Python\Python310\lib\site-packages\django\db\models\query.py", line 1494, in _filter_or_exclude
    clone._filter_or_exclude_inplace(negate, args, kwargs)
  File "C:\Users\hp\AppData\Local\Programs\Python\Python310\lib\site-packages\django\db\models\query.py", line 1501, in _filter_or_exclude_inplace
    self._query.add_q(Q(*args, **kwargs))
  File "C:\Users\hp\AppData\Local\Programs\Python\Python310\lib\site-packages\django\db\models\sql\query.py", line 1609, in add_q
    clause, _ = self._add_q(q_object, self.used_aliases)
  File "C:\Users\hp\AppData\Local\Programs\Python\Python310\lib\site-packages\django\db\models\sql\query.py", line 1641, in _add_q
    child_clause, needed_inner = self.build_filter(
  File "C:\Users\hp\AppData\Local\Programs\Python\Python310\lib\site-packages\django\db\models\sql\query.py", line 1468, in build_filter
    return self._add_q(
  File "C:\Users\hp\AppData\Local\Programs\Python\Python310\lib\site-packages\django\db\models\sql\query.py", line 1641, in _add_q
    child_clause, needed_inner = self.build_filter(
  File "C:\Users\hp\AppData\Local\Programs\Python\Python310\lib\site-packages\django\db\models\sql\query.py", line 1491, in build_filter
    lookups, parts, reffed_expression = self.solve_lookup_type(arg, summarize)
  File "C:\Users\hp\AppData\Local\Programs\Python\Python310\lib\site-packages\django\db\models\sql\query.py", line 1303, in solve_lookup_type
    _, field, _, lookup_parts = self.names_to_path(lookup_splitted, self.get_meta())
  File "C:\Users\hp\AppData\Local\Programs\Python\Python310\lib\site-packages\django\db\models\sql\query.py", line 1768, in names_to_path
    raise FieldError(
django.core.exceptions.FieldError: Cannot resolve keyword 'role' into field. Choices are: classroom, course, date_joined, device_token, email, first_name, groups, id, is_active, is_admin, is_approved, is_deleted, is_email_verified, is_mute, is_superuser, last_login, last_name, logentry, otp, password, phone_number, profile_pic, profile_pic_url, user_permissions, user_type, username
ERROR 2025-04-28 02:01:22,128 basehttp 15812 11444 "GET /?format=openapi HTTP/1.1" 500 285681
INFO 2025-04-28 02:02:28,435 autoreload 15812 18476 C:\Users\hp\Desktop\Automated-Tutoring-System\tutoring_system\settings.py changed, reloading.
INFO 2025-04-28 02:02:29,231 autoreload 8668 25636 Watching for file changes with StatReloader
INFO 2025-04-28 02:02:33,027 basehttp 8668 17984 "GET / HTTP/1.1" 200 1639
ERROR 2025-04-28 02:02:33,625 basehttp 8668 17984 "GET /?format=openapi HTTP/1.1" 500 59
INFO 2025-04-28 02:03:33,552 autoreload 8668 25636 C:\Users\hp\Desktop\Automated-Tutoring-System\adminpanel\models.py changed, reloading.
INFO 2025-04-28 02:03:34,263 autoreload 14484 15464 Watching for file changes with StatReloader
INFO 2025-04-28 02:03:55,338 autoreload 8020 15372 Watching for file changes with StatReloader
INFO 2025-04-28 02:03:57,422 basehttp 8020 12284 "GET / HTTP/1.1" 200 1639
INFO 2025-04-28 02:03:57,594 basehttp 8020 12284 "GET /?format=openapi HTTP/1.1" 200 9779
INFO 2025-04-28 02:04:50,749 basehttp 8020 12284 "GET / HTTP/1.1" 200 1639
INFO 2025-04-28 02:04:50,940 basehttp 8020 12284 "GET /?format=openapi HTTP/1.1" 200 9779
INFO 2025-04-28 02:04:53,192 basehttp 8020 12284 "GET /admin/ HTTP/1.1" 302 0
INFO 2025-04-28 02:04:53,244 basehttp 8020 12284 "GET /admin/login/?next=/admin/ HTTP/1.1" 200 3097
INFO 2025-04-28 02:05:03,447 basehttp 8020 12284 "POST /admin/login/?next=/admin/ HTTP/1.1" 302 0
INFO 2025-04-28 02:05:03,544 basehttp 8020 12284 "GET /admin/ HTTP/1.1" 200 13944
INFO 2025-04-28 02:05:07,672 basehttp 8020 12284 "GET /admin/users/user/ HTTP/1.1" 200 23622
INFO 2025-04-28 02:05:07,735 basehttp 8020 12284 "GET /admin/jsi18n/ HTTP/1.1" 200 3342
INFO 2025-04-28 02:05:11,251 basehttp 8020 12284 "GET /admin/users/user/dd9653/change/ HTTP/1.1" 200 28211
INFO 2025-04-28 02:05:11,282 basehttp 8020 12284 "GET /admin/jsi18n/ HTTP/1.1" 200 3342
INFO 2025-04-28 02:05:25,486 basehttp 8020 12284 "POST /admin/users/user/dd9653/change/ HTTP/1.1" 302 0
INFO 2025-04-28 02:05:25,510 basehttp 8020 12284 "GET /admin/users/user/ HTTP/1.1" 200 24191
INFO 2025-04-28 02:05:25,536 basehttp 8020 12284 "GET /admin/jsi18n/ HTTP/1.1" 200 3342
INFO 2025-04-28 02:06:00,715 basehttp 8020 12284 "POST /api/login/ HTTP/1.1" 200 1375
WARNING 2025-04-28 02:06:33,399 log 8020 12284 Unauthorized: /api/classrooms/
WARNING 2025-04-28 02:06:33,400 basehttp 8020 12284 "POST /api/classrooms/ HTTP/1.1" 401 176
INFO 2025-04-28 02:07:00,683 autoreload 8020 15372 C:\Users\hp\Desktop\Automated-Tutoring-System\adminpanel\models.py changed, reloading.
INFO 2025-04-28 02:07:01,420 autoreload 6956 14800 Watching for file changes with StatReloader
INFO 2025-04-28 02:07:08,753 autoreload 6956 14800 C:\Users\hp\Desktop\Automated-Tutoring-System\adminpanel\models.py changed, reloading.
INFO 2025-04-28 02:07:09,508 autoreload 27440 19256 Watching for file changes with StatReloader
INFO 2025-04-28 02:07:23,331 autoreload 27440 19256 C:\Users\hp\Desktop\Automated-Tutoring-System\adminpanel\models.py changed, reloading.
INFO 2025-04-28 02:07:24,047 autoreload 25244 5760 Watching for file changes with StatReloader
INFO 2025-04-28 02:07:36,921 autoreload 22204 5492 Watching for file changes with StatReloader
WARNING 2025-04-28 02:07:43,403 log 22204 9940 Unauthorized: /api/classrooms/
WARNING 2025-04-28 02:07:43,403 basehttp 22204 9940 "POST /api/classrooms/ HTTP/1.1" 401 176
WARNING 2025-04-28 02:07:46,098 log 22204 9940 Unauthorized: /api/classrooms/
WARNING 2025-04-28 02:07:46,099 basehttp 22204 9940 "POST /api/classrooms/ HTTP/1.1" 401 176
WARNING 2025-04-28 02:09:05,158 log 22204 9940 Bad Request: /api/classrooms/
WARNING 2025-04-28 02:09:05,159 basehttp 22204 9940 "POST /api/classrooms/ HTTP/1.1" 400 42
INFO 2025-04-28 02:10:50,045 autoreload 22204 5492 C:\Users\hp\Desktop\Automated-Tutoring-System\adminpanel\views.py changed, reloading.
INFO 2025-04-28 02:10:50,889 autoreload 4880 16456 Watching for file changes with StatReloader
INFO 2025-04-28 02:10:54,760 basehttp 4880 18416 "GET / HTTP/1.1" 200 1639
INFO 2025-04-28 02:10:55,109 basehttp 4880 18416 "GET /?format=openapi HTTP/1.1" 200 9779
WARNING 2025-04-28 02:11:03,953 log 4880 18416 Bad Request: /api/classrooms/
WARNING 2025-04-28 02:11:03,953 basehttp 4880 18416 "POST /api/classrooms/ HTTP/1.1" 400 42
WARNING 2025-04-28 02:13:08,499 log 4880 18416 Bad Request: /api/classrooms/
WARNING 2025-04-28 02:13:08,506 basehttp 4880 18416 "POST /api/classrooms/ HTTP/1.1" 400 42
INFO 2025-04-28 02:14:02,892 autoreload 4880 16456 C:\Users\hp\Desktop\Automated-Tutoring-System\adminpanel\serializers.py changed, reloading.
INFO 2025-04-28 02:14:03,618 autoreload 8344 11096 Watching for file changes with StatReloader
INFO 2025-04-28 02:14:07,894 basehttp 8344 1832 "POST /api/classrooms/ HTTP/1.1" 201 184
INFO 2025-04-28 02:17:50,008 autoreload 8344 11096 C:\Users\hp\Desktop\Automated-Tutoring-System\adminpanel\serializers.py changed, reloading.
INFO 2025-04-28 02:17:50,719 autoreload 17644 11996 Watching for file changes with StatReloader
INFO 2025-04-28 02:18:27,884 autoreload 17644 11996 C:\Users\hp\Desktop\Automated-Tutoring-System\adminpanel\views.py changed, reloading.
INFO 2025-04-28 02:18:28,572 autoreload 19016 720 Watching for file changes with StatReloader
INFO 2025-04-28 02:19:40,354 autoreload 19016 720 C:\Users\hp\Desktop\Automated-Tutoring-System\adminpanel\urls.py changed, reloading.
INFO 2025-04-28 02:19:41,061 autoreload 23268 23004 Watching for file changes with StatReloader
INFO 2025-04-28 02:19:58,167 autoreload 23268 23004 C:\Users\hp\Desktop\Automated-Tutoring-System\adminpanel\urls.py changed, reloading.
INFO 2025-04-28 02:19:58,881 autoreload 23580 7552 Watching for file changes with StatReloader
INFO 2025-04-28 02:20:02,124 basehttp 23580 20532 "GET / HTTP/1.1" 200 1639
INFO 2025-04-28 02:20:02,474 basehttp 23580 20532 "GET /?format=openapi HTTP/1.1" 200 10056
INFO 2025-04-28 02:34:26,882 autoreload 23580 7552 C:\Users\hp\Desktop\Automated-Tutoring-System\users\serializers.py changed, reloading.
INFO 2025-04-28 02:34:27,584 autoreload 21868 17852 Watching for file changes with StatReloader
INFO 2025-04-28 02:35:50,345 autoreload 21868 17852 C:\Users\hp\Desktop\Automated-Tutoring-System\users\views.py changed, reloading.
INFO 2025-04-28 02:35:51,077 autoreload 23492 25336 Watching for file changes with StatReloader
INFO 2025-04-28 02:36:17,307 autoreload 23492 25336 C:\Users\hp\Desktop\Automated-Tutoring-System\users\urls.py changed, reloading.
INFO 2025-04-28 02:36:18,008 autoreload 27536 9616 Watching for file changes with StatReloader
INFO 2025-04-28 02:36:20,574 basehttp 27536 16268 "GET / HTTP/1.1" 200 1639
INFO 2025-04-28 02:36:20,828 basehttp 27536 16268 "GET /?format=openapi HTTP/1.1" 200 10260
INFO 2025-04-28 02:38:09,111 autoreload 27536 9616 C:\Users\hp\Desktop\Automated-Tutoring-System\users\views.py changed, reloading.
INFO 2025-04-28 02:38:09,810 autoreload 24552 17912 Watching for file changes with StatReloader
INFO 2025-04-28 02:38:14,550 basehttp 24552 7028 "GET / HTTP/1.1" 200 1639
INFO 2025-04-28 02:38:14,667 basehttp 24552 7028 "GET /?format=openapi HTTP/1.1" 200 12219
INFO 2025-04-28 02:38:14,736 basehttp 24552 17148 "GET /static/drf-yasg/swagger-ui-dist/favicon-32x32.png HTTP/1.1" 200 628
ERROR 2025-04-28 02:39:38,530 basehttp 24552 17148 "POST /api/register_student/ HTTP/1.1" 500 59
INFO 2025-04-28 02:41:51,682 autoreload 24552 17912 C:\Users\hp\Desktop\Automated-Tutoring-System\users\serializers.py changed, reloading.
INFO 2025-04-28 02:41:52,394 autoreload 12384 18116 Watching for file changes with StatReloader
INFO 2025-04-28 02:41:55,411 autoreload 12384 18116 C:\Users\hp\Desktop\Automated-Tutoring-System\users\urls.py changed, reloading.
INFO 2025-04-28 02:41:56,113 autoreload 8108 25804 Watching for file changes with StatReloader
ERROR 2025-04-28 02:42:07,995 basehttp 8108 9444 "POST /api/register_student/ HTTP/1.1" 500 59
INFO 2025-04-28 02:45:16,030 autoreload 8108 25804 C:\Users\hp\AppData\Local\Programs\Python\Python310\Lib\site-packages\django\contrib\auth\models.py changed, reloading.
INFO 2025-04-28 02:45:16,795 autoreload 21368 13356 Watching for file changes with StatReloader
INFO 2025-04-28 02:45:29,657 autoreload 8000 20280 Watching for file changes with StatReloader
INFO 2025-04-28 02:47:17,400 autoreload 8000 20280 C:\Users\hp\AppData\Local\Programs\Python\Python310\Lib\site-packages\django\contrib\auth\models.py changed, reloading.
INFO 2025-04-28 02:47:18,128 autoreload 2224 23352 Watching for file changes with StatReloader
INFO 2025-04-28 02:47:41,967 autoreload 2224 23352 C:\Users\hp\Desktop\Automated-Tutoring-System\users\models.py changed, reloading.
INFO 2025-04-28 02:47:42,690 autoreload 7784 19288 Watching for file changes with StatReloader
INFO 2025-04-28 02:47:57,862 autoreload 14296 3008 Watching for file changes with StatReloader
INFO 2025-04-28 02:48:28,286 autoreload 14296 3008 C:\Users\hp\Desktop\Automated-Tutoring-System\users\serializers.py changed, reloading.
INFO 2025-04-28 02:48:28,958 autoreload 2676 15716 Watching for file changes with StatReloader
ERROR 2025-04-28 02:48:43,117 basehttp 2676 17440 "POST /api/register_student/ HTTP/1.1" 500 59
INFO 2025-04-28 02:49:44,868 autoreload 2676 15716 C:\Users\hp\Desktop\Automated-Tutoring-System\users\serializers.py changed, reloading.
INFO 2025-04-28 02:49:45,593 autoreload 26112 7152 Watching for file changes with StatReloader
ERROR 2025-04-28 02:49:48,752 basehttp 26112 24532 "POST /api/register_student/ HTTP/1.1" 500 59
INFO 2025-04-28 02:51:35,668 autoreload 26112 7152 C:\Users\hp\Desktop\Automated-Tutoring-System\users\models.py changed, reloading.
INFO 2025-04-28 02:51:36,387 autoreload 3440 11300 Watching for file changes with StatReloader
ERROR 2025-04-28 02:51:42,170 basehttp 3440 9952 "POST /api/register_student/ HTTP/1.1" 500 59
INFO 2025-04-28 02:56:44,120 autoreload 3440 11300 C:\Users\hp\Desktop\Automated-Tutoring-System\users\models.py changed, reloading.
INFO 2025-04-28 02:56:44,919 autoreload 19668 9892 Watching for file changes with StatReloader
INFO 2025-04-28 02:57:29,280 autoreload 19668 9892 C:\Users\hp\Desktop\Automated-Tutoring-System\users\serializers.py changed, reloading.
INFO 2025-04-28 02:57:29,973 autoreload 15648 26228 Watching for file changes with StatReloader
ERROR 2025-04-28 02:57:47,926 basehttp 15648 20272 "POST /api/register_student/ HTTP/1.1" 500 59
INFO 2025-04-28 02:58:53,599 autoreload 15648 26228 C:\Users\hp\Desktop\Automated-Tutoring-System\users\serializers.py changed, reloading.
INFO 2025-04-28 02:58:54,394 autoreload 8672 15232 Watching for file changes with StatReloader
ERROR 2025-04-28 02:59:02,243 basehttp 8672 13396 "POST /api/register_student/ HTTP/1.1" 500 59
ERROR 2025-04-28 02:59:42,955 basehttp 8672 13396 "POST /api/register_student/ HTTP/1.1" 500 59
INFO 2025-04-28 03:08:45,930 autoreload 8672 15232 C:\Users\hp\Desktop\Automated-Tutoring-System\users\serializers.py changed, reloading.
INFO 2025-04-28 03:08:46,698 autoreload 4996 24388 Watching for file changes with StatReloader
INFO 2025-04-28 03:10:55,718 autoreload 4996 24388 C:\Users\hp\Desktop\Automated-Tutoring-System\users\views.py changed, reloading.
INFO 2025-04-28 03:10:56,467 autoreload 25948 9004 Watching for file changes with StatReloader
INFO 2025-04-28 03:11:52,502 autoreload 25948 9004 C:\Users\hp\Desktop\Automated-Tutoring-System\users\views.py changed, reloading.
INFO 2025-04-28 03:11:53,256 autoreload 1780 23316 Watching for file changes with StatReloader
INFO 2025-04-28 03:12:18,002 autoreload 1780 23316 C:\Users\hp\Desktop\Automated-Tutoring-System\users\urls.py changed, reloading.
INFO 2025-04-28 03:12:18,706 autoreload 14616 11300 Watching for file changes with StatReloader
INFO 2025-04-28 03:12:21,676 basehttp 14616 9672 "GET / HTTP/1.1" 200 1639
INFO 2025-04-28 03:12:21,844 basehttp 14616 9672 "GET /?format=openapi HTTP/1.1" 200 10502
ERROR 2025-04-28 03:12:44,707 basehttp 14616 9672 "POST /api/register_student/ HTTP/1.1" 500 59
INFO 2025-04-28 03:14:11,427 autoreload 14616 11300 C:\Users\hp\Desktop\Automated-Tutoring-System\users\serializers.py changed, reloading.
INFO 2025-04-28 03:14:12,179 autoreload 23032 13608 Watching for file changes with StatReloader
INFO 2025-04-28 03:14:15,243 basehttp 23032 17196 "GET / HTTP/1.1" 200 1639
INFO 2025-04-28 03:14:15,650 basehttp 23032 17196 "GET /?format=openapi HTTP/1.1" 200 10502
INFO 2025-04-28 03:14:21,299 basehttp 23032 17196 "GET / HTTP/1.1" 200 1639
INFO 2025-04-28 03:14:21,469 basehttp 23032 17196 "GET /?format=openapi HTTP/1.1" 200 10502
INFO 2025-04-28 03:17:45,580 autoreload 23032 13608 C:\Users\hp\Desktop\Automated-Tutoring-System\users\serializers.py changed, reloading.
INFO 2025-04-28 03:17:46,275 autoreload 27392 4116 Watching for file changes with StatReloader
INFO 2025-04-28 03:17:51,221 basehttp 27392 21432 "GET / HTTP/1.1" 200 1639
INFO 2025-04-28 03:17:51,337 basehttp 27392 21432 "GET /?format=openapi HTTP/1.1" 200 10502
INFO 2025-04-28 03:18:33,788 basehttp 27392 21432 "GET / HTTP/1.1" 200 1639
INFO 2025-04-28 03:18:33,925 basehttp 27392 21432 "GET /?format=openapi HTTP/1.1" 200 10502
INFO 2025-04-28 03:19:08,686 autoreload 27392 4116 C:\Users\hp\Desktop\Automated-Tutoring-System\adminpanel\urls.py changed, reloading.
INFO 2025-04-28 03:19:09,365 autoreload 17372 6432 Watching for file changes with StatReloader
INFO 2025-04-28 03:21:45,510 autoreload 960 17300 Watching for file changes with StatReloader
INFO 2025-04-28 03:21:47,412 basehttp 960 22152 "GET / HTTP/1.1" 200 1639
INFO 2025-04-28 03:21:47,891 basehttp 960 22152 "GET /?format=openapi HTTP/1.1" 200 10304
ERROR 2025-04-28 03:21:56,190 basehttp 960 22152 "POST /api/register_student/ HTTP/1.1" 500 59
INFO 2025-04-28 03:28:33,779 autoreload 960 17300 C:\Users\hp\Desktop\Automated-Tutoring-System\users\serializers.py changed, reloading.
INFO 2025-04-28 03:28:34,466 autoreload 9656 22656 Watching for file changes with StatReloader
INFO 2025-04-28 03:28:40,994 basehttp 9656 19748 "GET / HTTP/1.1" 200 1639
INFO 2025-04-28 03:28:41,388 basehttp 9656 19748 "GET /?format=openapi HTTP/1.1" 200 10304
ERROR 2025-04-28 03:28:47,805 basehttp 9656 19748 "POST /api/register_student/ HTTP/1.1" 500 59
WARNING 2025-04-28 03:29:01,481 log 9656 19748 Method Not Allowed: /api/register_student/
WARNING 2025-04-28 03:29:01,481 basehttp 9656 19748 "GET /api/register_student/ HTTP/1.1" 405 10778
INFO 2025-04-28 03:29:01,884 basehttp 9656 19748 "GET /static/rest_framework/css/bootstrap.min.css HTTP/1.1" 200 121457
INFO 2025-04-28 03:29:01,906 basehttp 9656 12956 "GET /static/rest_framework/css/prettify.css HTTP/1.1" 200 817
INFO 2025-04-28 03:29:01,909 basehttp 9656 19748 "GET /static/rest_framework/js/csrf.js HTTP/1.1" 200 1793
INFO 2025-04-28 03:29:01,910 basehttp 9656 23804 "GET /static/rest_framework/js/ajax-form.js HTTP/1.1" 200 3796
INFO 2025-04-28 03:29:01,913 basehttp 9656 18100 "GET /static/rest_framework/css/bootstrap-tweaks.css HTTP/1.1" 200 3426
INFO 2025-04-28 03:29:01,913 basehttp 9656 27528 "GET /static/rest_framework/css/default.css HTTP/1.1" 200 1152
INFO 2025-04-28 03:29:01,926 basehttp 9656 27528 "GET /static/rest_framework/img/grid.png HTTP/1.1" 200 1458
INFO 2025-04-28 03:29:01,930 basehttp 9656 18100 "GET /static/rest_framework/js/load-ajax-form.js HTTP/1.1" 200 59
INFO 2025-04-28 03:29:01,935 basehttp 9656 23804 "GET /static/rest_framework/js/default.js HTTP/1.1" 200 1268
INFO 2025-04-28 03:29:01,949 basehttp 9656 19748 "GET /static/rest_framework/js/prettify-min.js HTTP/1.1" 200 13632
INFO 2025-04-28 03:29:01,954 basehttp 9656 12552 "GET /static/rest_framework/js/jquery-3.7.1.min.js HTTP/1.1" 200 87533
INFO 2025-04-28 03:29:01,962 basehttp 9656 12956 "GET /static/rest_framework/js/bootstrap.min.js HTTP/1.1" 200 39680
WARNING 2025-04-28 03:29:48,160 log 9656 12956 Bad Request: /api/register_student/
WARNING 2025-04-28 03:29:48,161 basehttp 9656 12956 "POST /api/register_student/ HTTP/1.1" 400 10830
ERROR 2025-04-28 03:30:00,260 basehttp 9656 12956 "POST /api/register_student/ HTTP/1.1" 500 59
WARNING 2025-04-28 03:30:00,278 log 9656 12956 Method Not Allowed: /api/register_student/
WARNING 2025-04-28 03:30:00,279 basehttp 9656 12956 "GET /api/register_student/ HTTP/1.1" 405 10778
ERROR 2025-04-28 03:30:16,780 basehttp 9656 12956 "POST /api/register_student/ HTTP/1.1" 500 59
WARNING 2025-04-28 03:30:16,795 log 9656 12956 Method Not Allowed: /api/register_student/
WARNING 2025-04-28 03:30:16,796 basehttp 9656 12956 "GET /api/register_student/ HTTP/1.1" 405 10778
ERROR 2025-04-28 03:30:57,293 basehttp 9656 21164 "POST /api/register_student/ HTTP/1.1" 500 59
INFO 2025-04-28 03:31:57,285 basehttp 9656 20660 "POST /api/register_student/ HTTP/1.1" 201 70
INFO 2025-04-28 03:32:44,984 autoreload 9656 22656 C:\Users\hp\Desktop\Automated-Tutoring-System\users\urls.py changed, reloading.
INFO 2025-04-28 03:32:45,678 autoreload 13604 4852 Watching for file changes with StatReloader
INFO 2025-04-28 03:34:28,046 basehttp 13604 22772 "GET /admin/users/user/ HTTP/1.1" 200 24374
INFO 2025-04-28 03:34:28,097 basehttp 13604 22772 "GET /admin/jsi18n/ HTTP/1.1" 200 3342
INFO 2025-04-28 03:34:30,669 basehttp 13604 22772 "GET /admin/users/user/ HTTP/1.1" 200 24374
INFO 2025-04-28 03:34:30,702 basehttp 13604 22772 "GET /admin/jsi18n/ HTTP/1.1" 200 3342
INFO 2025-04-28 03:35:28,021 autoreload 13604 4852 C:\Users\hp\Desktop\Automated-Tutoring-System\users\serializers.py changed, reloading.
INFO 2025-04-28 03:35:28,700 autoreload 20144 11224 Watching for file changes with StatReloader
INFO 2025-04-28 03:36:03,334 autoreload 20144 11224 C:\Users\hp\Desktop\Automated-Tutoring-System\users\serializers.py changed, reloading.
INFO 2025-04-28 03:36:04,037 autoreload 21604 23956 Watching for file changes with StatReloader
INFO 2025-04-28 03:37:32,114 basehttp 21604 25740 "POST /api/login/ HTTP/1.1" 200 1393
